<?xml version="1.0" encoding="UTF-8"?>
<testsuite xmlns:xsi="http://www.w3.org/2001/XMLSchema-instance" xsi:noNamespaceSchemaLocation="https://maven.apache.org/surefire/maven-surefire-plugin/xsd/surefire-test-report.xsd" name="pl.testing.AccountTest" time="0" tests="5" errors="0" skipped="0" failures="0">
  <properties>
[...]
</properties>
  <testcase name="newAccountIsNotActive" classname="pl.testing.AccountTest" time="0"/>
  <testcase name="activateFunctionIsWorking" classname="pl.testing.AccountTest" time="0"/>
  <testcase name="defaultDeliveryAddressShouldNotBeNullAfterSet" classname="pl.testing.AccountTest" time="0"/>
  <testcase name="newAccountWithNotNullAddressShouldBeActive" classname="pl.testing.AccountTest" time="0"/>
  <testcase name="createdNewAccountShouldNotHaveDefaultDeliveryAddress" classname="pl.testing.AccountTest" time="0"/>
</testsuite>